<?xml version="1.0" encoding="UTF-8"?>
<Site BuildName="Darwin-c++"
	BuildStamp="20240209-0041-Experimental"
	Name="eduroam-169-233-238-178.ucsc.edu"
	Generator="ctest-3.28.1"
	CompilerName="/Library/Developer/CommandLineTools/usr/bin/c++"
	CompilerVersion="14.0.0.14000029"
	OSName="macOS"
	Hostname="rachelcarlson-100-64-76-41.resnet.ucsc.edu"
	OSRelease="12.6"
	OSVersion="21G115"
	OSPlatform="arm64"
	Is64Bits="1"
	VendorString="IBM"
	VendorID="IBM"
	FamilyID="16777228"
	ModelID="2"
	ProcessorCacheSize="131072"
	NumberOfLogicalCPU="8"
	NumberOfPhysicalCPU="8"
	TotalVirtualMemory="7168"
	TotalPhysicalMemory="16384"
	LogicalProcessorsPerPhysical="8"
	ProcessorClockFrequency="0"
	>
	<Testing>
		<StartDateTime>Feb 09 09:58 PST</StartDateTime>
		<StartTestTime>1707501532</StartTestTime>
		<TestList/>
		<EndDateTime>Feb 09 09:58 PST</EndDateTime>
		<EndTestTime>1707501532</EndTestTime>
		<ElapsedMinutes>0</ElapsedMinutes>
	</Testing>
</Site>
